<?xml version="1.0" encoding="UTF-8"?>
<testng-results ignored="0" total="1" passed="1" failed="0" skipped="0">
  <reporter-output>
  </reporter-output>
  <suite started-at="2020-12-12T15:59:01Z" name="Default suite" finished-at="2020-12-12T15:59:05Z" duration-ms="3893">
    <groups>
    </groups>
    <test started-at="2020-12-12T15:59:01Z" name="Default test" finished-at="2020-12-12T15:59:05Z" duration-ms="3893">
      <class name="loginTest.TC_01_CorrectLogin">
        <test-method is-config="true" signature="starWebDriver()[pri:0, instance:loginTest.TC_01_CorrectLogin@71b3bc45]" started-at="2020-12-12T10:59:01Z" name="starWebDriver" finished-at="2020-12-12T10:59:03Z" duration-ms="1550" status="PASS">
          <reporter-output>
          </reporter-output>
        </test-method> <!-- starWebDriver -->
        <test-method signature="TC_01()[pri:0, instance:loginTest.TC_01_CorrectLogin@71b3bc45]" started-at="2020-12-12T10:59:03Z" name="TC_01" finished-at="2020-12-12T10:59:05Z" duration-ms="2090" status="PASS">
          <reporter-output>
          </reporter-output>
        </test-method> <!-- TC_01 -->
        <test-method is-config="true" signature="closeDriver()[pri:0, instance:loginTest.TC_01_CorrectLogin@71b3bc45]" started-at="2020-12-12T10:59:05Z" name="closeDriver" finished-at="2020-12-12T10:59:05Z" duration-ms="244" status="PASS">
          <reporter-output>
          </reporter-output>
        </test-method> <!-- closeDriver -->
      </class> <!-- loginTest.TC_01_CorrectLogin -->
    </test> <!-- Default test -->
  </suite> <!-- Default suite -->
</testng-results>
