<?xml version="1.0" encoding="UTF-8"?>
<testng-results ignored="0" total="1" passed="1" failed="0" skipped="0">
  <reporter-output>
  </reporter-output>
  <suite started-at="2020-11-14T15:23:33Z" name="Default suite" finished-at="2020-11-14T15:23:33Z" duration-ms="18">
    <groups>
    </groups>
    <test started-at="2020-11-14T15:23:33Z" name="Default test" finished-at="2020-11-14T15:23:33Z" duration-ms="18">
      <class name="NewTest">
        <test-method signature="f()[pri:0, instance:NewTest@5fbdfdcf]" started-at="2020-11-14T10:23:33Z" name="f" finished-at="2020-11-14T10:23:33Z" duration-ms="8" status="PASS">
          <reporter-output>
          </reporter-output>
        </test-method> <!-- f -->
      </class> <!-- NewTest -->
    </test> <!-- Default test -->
  </suite> <!-- Default suite -->
</testng-results>
